2023-01-19T09:14:31.833Z [18232:10620] A Logging started for process: C:\Program Files\Git\usr\bin\bash.exe
2023-01-19T09:14:31.892Z [ 9724:14904] A Logging started for process: C:\Program Files\Git\usr\bin\bash.exe
2023-01-19T09:14:31.954Z [16324: 3012] A Logging started for process: C:\Program Files\Git\usr\bin\bash.exe
2023-01-19T09:14:32.177Z [19960: 1844] A Logging started for process: C:\Program Files\Git\usr\bin\bash.exe
2023-01-19T09:14:35.098Z [ 2416: 2896] A Logging started for process: C:\Program Files\Git\usr\bin\bash.exe
2023-01-19T09:14:35.150Z [13476:16272] A Logging started for process: C:\Program Files\Git\usr\bin\bash.exe
2023-01-19T09:14:35.201Z [12164:18564] A Logging started for process: C:\Program Files\Git\usr\bin\bash.exe
2023-01-19T09:14:35.428Z [15544:18336] A Logging started for process: C:\Program Files\Git\usr\bin\bash.exe
2023-01-19T09:14:41.771Z [12768:15036] A Logging started for process: C:\Program Files\Git\usr\bin\bash.exe
2023-01-19T09:14:41.825Z [10120:19384] A Logging started for process: C:\Program Files\Git\usr\bin\bash.exe
2023-01-19T09:14:41.878Z [17692: 8328] A Logging started for process: C:\Program Files\Git\usr\bin\bash.exe
2023-01-19T09:14:42.117Z [10208:20020] A Logging started for process: C:\Program Files\Git\usr\bin\bash.exe
2023-01-19T09:14:43.898Z [14708:17284] A Logging started for process: C:\Program Files\Git\usr\bin\bash.exe
2023-01-19T09:14:43.952Z [19372:11764] A Logging started for process: C:\Program Files\Git\usr\bin\bash.exe
2023-01-19T09:14:44.019Z [10932:18960] A Logging started for process: C:\Program Files\Git\usr\bin\bash.exe
2023-01-19T09:14:44.307Z [19404: 4256] A Logging started for process: C:\Program Files\Git\usr\bin\bash.exe
2023-01-19T09:14:49.161Z [18460:12572] A Logging started for process: C:\Program Files\Git\usr\bin\bash.exe
2023-01-19T09:14:49.217Z [10468:19368] A Logging started for process: C:\Program Files\Git\usr\bin\bash.exe
2023-01-19T09:14:49.266Z [19124:14340] A Logging started for process: C:\Program Files\Git\usr\bin\bash.exe
2023-01-19T09:14:49.488Z [19588:19464] A Logging started for process: C:\Program Files\Git\usr\bin\bash.exe
2023-01-19T09:14:53.481Z [ 2952:11196] A Logging started for process: C:\Program Files\Git\usr\bin\bash.exe
2023-01-19T09:14:53.701Z [20752:15716] A Logging started for process: C:\Program Files\Git\usr\bin\bash.exe
2023-01-19T09:14:53.752Z [19844: 2512] A Logging started for process: C:\Program Files\Git\usr\bin\bash.exe
2023-01-19T09:14:53.808Z [ 4408:11568] A Logging started for process: C:\Program Files\Git\usr\bin\bash.exe
2023-01-19T09:14:54.010Z [19068:20648] A Logging started for process: C:\Program Files\Git\usr\bin\bash.exe
2023-01-19T09:15:20.805Z [18700:18468] A Logging started for process: C:\Program Files\Git\usr\bin\bash.exe
2023-01-19T09:15:20.881Z [16260:10020] A Logging started for process: C:\Program Files\Git\usr\bin\bash.exe
2023-01-19T09:15:20.943Z [ 3524: 4560] A Logging started for process: C:\Program Files\Git\usr\bin\bash.exe
2023-01-19T09:15:21.181Z [17496:15412] A Logging started for process: C:\Program Files\Git\usr\bin\bash.exe
2023-01-19T09:15:21.399Z [11756:15280] A Logging started for process: C:\Program Files\Git\usr\bin\bash.exe
2023-01-19T09:15:21.721Z [10820: 9272] A Logging started for process: C:\Program Files\Git\usr\bin\bash.exe
2023-01-19T09:15:21.768Z [11420:11404] A Logging started for process: C:\Program Files\Git\usr\bin\bash.exe
2023-01-19T09:15:21.824Z [13816: 7920] A Logging started for process: C:\Program Files\Git\usr\bin\bash.exe
2023-01-19T09:15:22.040Z [21368:19500] A Logging started for process: C:\Program Files\Git\usr\bin\bash.exe
2023-01-19T09:15:22.275Z [18436:15320] A Logging started for process: C:\Program Files\Git\usr\bin\bash.exe
2023-01-19T09:15:22.550Z [12292:12200] A Logging started for process: C:\Program Files\Git\usr\bin\bash.exe
2023-01-19T09:15:22.606Z [17640:20916] A Logging started for process: C:\Program Files\Git\usr\bin\bash.exe
2023-01-19T09:15:22.661Z [ 8040:15904] A Logging started for process: C:\Program Files\Git\usr\bin\bash.exe
2023-01-19T09:15:22.870Z [15436:12508] A Logging started for process: C:\Program Files\Git\usr\bin\bash.exe
2023-01-19T09:15:41.890Z [ 8816:13512] A Logging started for process: C:\Program Files\Git\usr\bin\bash.exe
2023-01-19T09:15:41.952Z [20068:13092] A Logging started for process: C:\Program Files\Git\usr\bin\bash.exe
2023-01-19T09:15:42.004Z [ 1440:15340] A Logging started for process: C:\Program Files\Git\usr\bin\bash.exe
2023-01-19T09:15:42.238Z [18204:17880] A Logging started for process: C:\Program Files\Git\usr\bin\bash.exe
2023-01-19T09:36:18.112Z [14868:20072] A Logging started for process: C:\Program Files\Git\usr\bin\bash.exe
2023-01-19T09:36:18.450Z [15024: 3892] A Logging started for process: C:\Program Files\Git\usr\bin\bash.exe
2023-01-19T09:36:18.500Z [14612:20112] A Logging started for process: C:\Program Files\Git\usr\bin\bash.exe
2023-01-19T09:36:18.554Z [20296:20728] A Logging started for process: C:\Program Files\Git\usr\bin\bash.exe
2023-01-19T09:36:18.809Z [13196:11288] A Logging started for process: C:\Program Files\Git\usr\bin\bash.exe
2023-01-19T09:36:23.898Z [ 5396: 4668] A Logging started for process: C:\Program Files\Git\usr\bin\bash.exe
2023-01-19T09:36:24.151Z [ 4308:17364] A Logging started for process: C:\Program Files\Git\usr\bin\bash.exe
2023-01-19T09:36:24.213Z [ 6252:11980] A Logging started for process: C:\Program Files\Git\usr\bin\bash.exe
2023-01-19T09:36:24.269Z [16544:11952] A Logging started for process: C:\Program Files\Git\usr\bin\bash.exe
2023-01-19T09:36:24.507Z [ 1152:20720] A Logging started for process: C:\Program Files\Git\usr\bin\bash.exe
2023-01-19T09:36:27.445Z [20592:21336] A Logging started for process: C:\Program Files\Git\usr\bin\bash.exe
2023-01-19T09:36:27.753Z [19556:18112] A Logging started for process: C:\Program Files\Git\usr\bin\bash.exe
2023-01-19T09:36:27.804Z [ 6680:15284] A Logging started for process: C:\Program Files\Git\usr\bin\bash.exe
2023-01-19T09:36:27.855Z [10932:19552] A Logging started for process: C:\Program Files\Git\usr\bin\bash.exe
2023-01-19T09:36:28.068Z [20916:14344] A Logging started for process: C:\Program Files\Git\usr\bin\bash.exe
2023-01-19T09:36:32.401Z [12428:11124] A Logging started for process: C:\Program Files\Git\usr\bin\bash.exe
2023-01-19T09:36:33.891Z [11660:17868] A Logging started for process: C:\Program Files\Git\usr\bin\bash.exe
2023-01-19T09:36:34.017Z [10512: 2496] A Logging started for process: C:\Program Files\Git\usr\bin\bash.exe
2023-01-19T09:36:34.100Z [10544:10796] A Logging started for process: C:\Program Files\Git\usr\bin\bash.exe
2023-01-19T09:36:34.498Z [ 2432:12804] A Logging started for process: C:\Program Files\Git\usr\bin\bash.exe
2023-01-19T09:36:40.118Z [ 2392:11468] A Logging started for process: C:\Program Files\Git\usr\bin\bash.exe
2023-01-19T09:36:40.427Z [ 4028:15524] A Logging started for process: C:\Program Files\Git\usr\bin\bash.exe
2023-01-19T09:36:40.477Z [11184:19320] A Logging started for process: C:\Program Files\Git\usr\bin\bash.exe
2023-01-19T09:36:40.528Z [18384:14124] A Logging started for process: C:\Program Files\Git\usr\bin\bash.exe
2023-01-19T09:36:40.744Z [20188:21096] A Logging started for process: C:\Program Files\Git\usr\bin\bash.exe
2023-01-19T09:36:55.076Z [ 1260:11852] A Logging started for process: C:\Program Files\Git\usr\bin\bash.exe
2023-01-19T09:36:56.642Z [15568: 7792] A Logging started for process: C:\Program Files\Git\usr\bin\bash.exe
2023-01-19T09:36:56.714Z [ 2184:19444] A Logging started for process: C:\Program Files\Git\usr\bin\bash.exe
2023-01-19T09:36:56.780Z [ 4828: 9880] A Logging started for process: C:\Program Files\Git\usr\bin\bash.exe
2023-01-19T09:36:57.034Z [ 8500:10148] A Logging started for process: C:\Program Files\Git\usr\bin\bash.exe
2023-01-19T09:37:02.614Z [  600:13184] A Logging started for process: C:\Program Files\Git\usr\bin\bash.exe
2023-01-19T09:37:09.908Z [15580:20216] A Logging started for process: C:\Program Files\Git\usr\bin\bash.exe
2023-01-19T09:37:09.969Z [ 6248:21204] A Logging started for process: C:\Program Files\Git\usr\bin\bash.exe
2023-01-19T09:37:10.023Z [18880: 9720] A Logging started for process: C:\Program Files\Git\usr\bin\bash.exe
2023-01-19T09:37:10.280Z [15884: 3796] A Logging started for process: C:\Program Files\Git\usr\bin\bash.exe
